D:\C_C++ PROGRAMMING\QT_NETINFO\NETINFO_V1\NETINFO\NETINFO\DEBUG\MAIN.OBJ
D:\C_C++ PROGRAMMING\QT_NETINFO\NETINFO_V1\NETINFO\NETINFO\DEBUG\MAINWINDOW.OBJ
D:\C_C++ PROGRAMMING\QT_NETINFO\NETINFO_V1\NETINFO\NETINFO\DEBUG\MOC_MAINWINDOW.OBJ
D:\C_C++ PROGRAMMING\QT_NETINFO\NETINFO_V1\NETINFO\NETINFO\DEBUG\NETINFO.EXE.INTERMEDIATE.MANIFEST
D:\C_C++ PROGRAMMING\QT_NETINFO\NETINFO_V1\NETINFO\NETINFO\DEBUG\QRC_MAINWINDOW.OBJ
D:\C_C++ PROGRAMMING\QT_NETINFO\NETINFO_V1\NETINFO\NETINFO\DEBUG\VC100.PDB
D:\C_C++ PROGRAMMING\QT_NETINFO\NETINFO_V1\NETINFO\NETINFO\GENERATEDFILES\DEBUG\MOC_MAINWINDOW.CPP
D:\C_C++ PROGRAMMING\QT_NETINFO\NETINFO_V1\NETINFO\NETINFO\GENERATEDFILES\QRC_MAINWINDOW.CPP
D:\C_C++ PROGRAMMING\QT_NETINFO\NETINFO_V1\NETINFO\NETINFO\GENERATEDFILES\UI_MAINWINDOW.H
D:\C_C++ PROGRAMMING\QT_NETINFO\NETINFO_V1\NETINFO\WIN32\DEBUG\NETINFO.EXE
D:\C_C++ PROGRAMMING\QT_NETINFO\NETINFO_V1\NETINFO\WIN32\DEBUG\NETINFO.ILK
D:\C_C++ PROGRAMMING\QT_NETINFO\NETINFO_V1\NETINFO\WIN32\DEBUG\NETINFO.PDB
E:\所有电脑资料（17-11-20）\C&C++programming\QT_NetInfo\NetInfo_v2\NetInfo_v2\NetInfo\NetInfo\Debug\cl.command.1.tlog
E:\所有电脑资料（17-11-20）\C&C++programming\QT_NetInfo\NetInfo_v2\NetInfo_v2\NetInfo\NetInfo\Debug\CL.read.1.tlog
E:\所有电脑资料（17-11-20）\C&C++programming\QT_NetInfo\NetInfo_v2\NetInfo_v2\NetInfo\NetInfo\Debug\CL.write.1.tlog
E:\所有电脑资料（17-11-20）\C&C++programming\QT_NetInfo\NetInfo_v2\NetInfo_v2\NetInfo\NetInfo\Debug\custombuild.command.1.tlog
E:\所有电脑资料（17-11-20）\C&C++programming\QT_NetInfo\NetInfo_v2\NetInfo_v2\NetInfo\NetInfo\Debug\custombuild.read.1.tlog
E:\所有电脑资料（17-11-20）\C&C++programming\QT_NetInfo\NetInfo_v2\NetInfo_v2\NetInfo\NetInfo\Debug\custombuild.write.1.tlog
E:\所有电脑资料（17-11-20）\C&C++programming\QT_NetInfo\NetInfo_v2\NetInfo_v2\NetInfo\NetInfo\Debug\link.command.1.tlog
E:\所有电脑资料（17-11-20）\C&C++programming\QT_NetInfo\NetInfo_v2\NetInfo_v2\NetInfo\NetInfo\Debug\link.read.1.tlog
E:\所有电脑资料（17-11-20）\C&C++programming\QT_NetInfo\NetInfo_v2\NetInfo_v2\NetInfo\NetInfo\Debug\link.write.1.tlog
E:\所有电脑资料（17-11-20）\C&C++programming\QT_NetInfo\NetInfo_v2\NetInfo_v2\NetInfo\NetInfo\Debug\main.obj
E:\所有电脑资料（17-11-20）\C&C++programming\QT_NetInfo\NetInfo_v2\NetInfo_v2\NetInfo\NetInfo\Debug\MainWindow.obj
E:\所有电脑资料（17-11-20）\C&C++programming\QT_NetInfo\NetInfo_v2\NetInfo_v2\NetInfo\NetInfo\Debug\moc_MainWindow.obj
E:\所有电脑资料（17-11-20）\C&C++programming\QT_NetInfo\NetInfo_v2\NetInfo_v2\NetInfo\NetInfo\Debug\mt.command.1.tlog
E:\所有电脑资料（17-11-20）\C&C++programming\QT_NetInfo\NetInfo_v2\NetInfo_v2\NetInfo\NetInfo\Debug\mt.read.1.tlog
E:\所有电脑资料（17-11-20）\C&C++programming\QT_NetInfo\NetInfo_v2\NetInfo_v2\NetInfo\NetInfo\Debug\mt.write.1.tlog
E:\所有电脑资料（17-11-20）\C&C++programming\QT_NetInfo\NetInfo_v2\NetInfo_v2\NetInfo\NetInfo\Debug\NetInfo.exe.intermediate.manifest
E:\所有电脑资料（17-11-20）\C&C++programming\QT_NetInfo\NetInfo_v2\NetInfo_v2\NetInfo\NetInfo\Debug\qrc_MainWindow.obj
E:\所有电脑资料（17-11-20）\C&C++programming\QT_NetInfo\NetInfo_v2\NetInfo_v2\NetInfo\NetInfo\Debug\vc100.pdb
E:\所有电脑资料（17-11-20）\C&C++programming\QT_NetInfo\NetInfo_v2\NetInfo_v2\NetInfo\Win32\Debug\NetInfo.exe
E:\所有电脑资料（17-11-20）\C&C++programming\QT_NetInfo\NetInfo_v2\NetInfo_v2\NetInfo\Win32\Debug\NetInfo.ilk
E:\所有电脑资料（17-11-20）\C&C++programming\QT_NetInfo\NetInfo_v2\NetInfo_v2\NetInfo\Win32\Debug\NetInfo.pdb
